<?xml version="1.0" encoding="UTF-8"?>
<!-- Generated by org.testng.reporters.JUnitReportReporter -->
<testsuite hostname="kavya" failures="0" tests="1" name="test1" time="0.009" errors="0" timestamp="2023-04-27T10:00:58 IST" skipped="0">
  <testcase classname="test1" name="f" time="0.009"/>
  <system-out/>
</testsuite> <!-- test1 -->
