<?xml version="1.0" encoding="UTF-8"?>
<!-- Generated by org.testng.reporters.JUnitReportReporter -->
<testsuite hostname="kavya" failures="0" tests="2" name="Test4" time="18.676" errors="0" timestamp="2023-04-27T15:17:36 IST" skipped="0">
  <testcase classname="Test4" name="Login" time="10.300"/>
  <system-out/>
  <testcase classname="Test4" name="Logout" time="8.376"/>
  <system-out/>
</testsuite> <!-- Test4 -->
