<?xml version="1.0" encoding="UTF-8"?>
<!-- Generated by org.testng.reporters.JUnitReportReporter -->
<testsuite hostname="kavya" failures="0" tests="4" name="NewTestTwo" time="0.017" errors="0" timestamp="2023-04-27T12:02:54 IST" skipped="0">
  <testcase classname="NewTestTwo" name="add" time="0.014"/>
  <system-out/>
  <testcase classname="NewTestTwo" name="sub" time="0.001"/>
  <system-out/>
  <testcase classname="NewTestTwo" name="multiply" time="0.001"/>
  <system-out/>
  <testcase classname="NewTestTwo" name="div" time="0.001"/>
  <system-out/>
</testsuite> <!-- NewTestTwo -->
