<?xml version="1.0" encoding="UTF-8"?>
<!-- Generated by org.testng.reporters.JUnitReportReporter -->
<testsuite hostname="kavya" failures="0" tests="1" name="NewTest" time="24.873" errors="0" timestamp="2023-04-27T11:46:34 IST" skipped="0">
  <testcase classname="NewTest" name="TC_001" time="24.873"/>
  <system-out/>
</testsuite> <!-- NewTest -->
