<?xml version="1.0" encoding="UTF-8"?>
<!-- Generated by org.testng.reporters.JUnitReportReporter -->
<testsuite hostname="kavya" failures="0" tests="1" name="NewTestThree" time="10.282" errors="0" timestamp="2023-04-27T14:49:40 IST" skipped="0">
  <testcase classname="NewTestThree" name="TC_001" time="10.282"/>
  <system-out/>
</testsuite> <!-- NewTestThree -->
